<?xml version="1.0" encoding="UTF-8"?>
<testng-results skipped="0" failed="0" ignored="0" total="1" passed="1">
  <reporter-output>
  </reporter-output>
  <suite name="Default suite" duration-ms="14141" started-at="2020-04-25T13:16:37 EDT" finished-at="2020-04-25T13:16:51 EDT">
    <groups>
    </groups>
    <test name="Default test" duration-ms="14141" started-at="2020-04-25T13:16:37 EDT" finished-at="2020-04-25T13:16:51 EDT">
      <class name="com.cnn.regression1.CnnProject">
        <test-method status="PASS" signature="setUp()[pri:0, instance:com.cnn.regression1.CnnProject@3cef309d]" name="setUp" is-config="true" duration-ms="10909" started-at="2020-04-25T13:16:37 EDT" finished-at="2020-04-25T13:16:48 EDT">
          <reporter-output>
          </reporter-output>
        </test-method> <!-- setUp -->
        <test-method status="PASS" signature="market_03()[pri:0, instance:com.cnn.regression1.CnnProject@3cef309d]" name="market_03" duration-ms="3186" started-at="2020-04-25T13:16:48 EDT" finished-at="2020-04-25T13:16:51 EDT">
          <reporter-output>
          </reporter-output>
        </test-method> <!-- market_03 -->
      </class> <!-- com.cnn.regression1.CnnProject -->
    </test> <!-- Default test -->
  </suite> <!-- Default suite -->
</testng-results>
